[debug] [2021-01-26T09:58:35.133Z] ----------------------------------------------------------------------
[debug] [2021-01-26T09:58:35.135Z] Command:       /Users/kelvinmbwilo/.nvm/versions/node/v10.14.2/bin/node /Users/kelvinmbwilo/.nvm/versions/node/v10.14.2/bin/firebase deploy --only functions:createExpense
[debug] [2021-01-26T09:58:35.135Z] CLI Version:   9.2.1
[debug] [2021-01-26T09:58:35.135Z] Platform:      darwin
[debug] [2021-01-26T09:58:35.135Z] Node Version:  v10.14.2
[debug] [2021-01-26T09:58:35.136Z] Time:          Tue Jan 26 2021 12:58:35 GMT+0300 (East Africa Time)
[debug] [2021-01-26T09:58:35.136Z] ----------------------------------------------------------------------
[debug] [2021-01-26T09:58:35.136Z] 
[debug] [2021-01-26T09:58:35.138Z] >>> [apiv2][query] GET https://firebase-public.firebaseio.com/cli.json [none]
[debug] [2021-01-26T09:58:35.161Z] > command requires scopes: ["email","openid","https://www.googleapis.com/auth/cloudplatformprojects.readonly","https://www.googleapis.com/auth/firebase","https://www.googleapis.com/auth/cloud-platform"]
[debug] [2021-01-26T09:58:35.161Z] > authorizing via signed-in user
[debug] [2021-01-26T09:58:35.161Z] [iam] checking project group-saving for permissions ["cloudfunctions.functions.create","cloudfunctions.functions.delete","cloudfunctions.functions.get","cloudfunctions.functions.list","cloudfunctions.functions.update","cloudfunctions.operations.get","firebase.projects.get"]
[debug] [2021-01-26T09:58:35.163Z] > refreshing access token with scopes: ["email","https://www.googleapis.com/auth/cloud-platform","https://www.googleapis.com/auth/cloudplatformprojects.readonly","https://www.googleapis.com/auth/firebase","openid"]
[debug] [2021-01-26T09:58:35.163Z] >>> HTTP REQUEST POST https://www.googleapis.com/oauth2/v3/token  
 <request body omitted>
[debug] [2021-01-26T09:58:36.270Z] <<< [apiv2][status] GET https://firebase-public.firebaseio.com/cli.json 200
[debug] [2021-01-26T09:58:36.270Z] <<< [apiv2][body] GET https://firebase-public.firebaseio.com/cli.json {"cloudBuildErrorAfter":1594252800000,"cloudBuildWarnAfter":1590019200000,"defaultNode10After":1594252800000,"minVersion":"3.0.5","node8DeploysDisabledAfter":1613390400000,"node8RuntimeDisabledAfter":1615809600000,"node8WarnAfter":1600128000000}
[debug] [2021-01-26T09:58:36.801Z] <<< HTTP RESPONSE 200 {"pragma":"no-cache","cache-control":"no-cache, no-store, max-age=0, must-revalidate","date":"Tue, 26 Jan 2021 09:58:36 GMT","expires":"Mon, 01 Jan 1990 00:00:00 GMT","content-type":"application/json; charset=utf-8","vary":"X-Origin, Referer, Origin,Accept-Encoding","server":"scaffolding on HTTPServer2","x-xss-protection":"0","x-frame-options":"SAMEORIGIN","x-content-type-options":"nosniff","alt-svc":"h3-29=\":443\"; ma=2592000,h3-T051=\":443\"; ma=2592000,h3-Q050=\":443\"; ma=2592000,h3-Q046=\":443\"; ma=2592000,h3-Q043=\":443\"; ma=2592000,quic=\":443\"; ma=2592000; v=\"46,43\"","accept-ranges":"none","transfer-encoding":"chunked"}
[debug] [2021-01-26T09:58:36.816Z] >>> HTTP REQUEST POST https://cloudresourcemanager.googleapis.com/v1/projects/group-saving:testIamPermissions  
 {"permissions":["cloudfunctions.functions.create","cloudfunctions.functions.delete","cloudfunctions.functions.get","cloudfunctions.functions.list","cloudfunctions.functions.update","cloudfunctions.operations.get","firebase.projects.get"]}
