[debug] [2023-03-14T12:25:11.368Z] ----------------------------------------------------------------------
[debug] [2023-03-14T12:25:11.369Z] Command:       /home/joas/.nvm/versions/node/v16.15.1/bin/node /home/joas/Documents/monitafrica/projects/angular/new-kikoba-web/node_modules/.bin/firebase deploy --only hosting:kikoba-web
[debug] [2023-03-14T12:25:11.369Z] CLI Version:   9.23.3
[debug] [2023-03-14T12:25:11.369Z] Platform:      linux
[debug] [2023-03-14T12:25:11.370Z] Node Version:  v16.15.1
[debug] [2023-03-14T12:25:11.370Z] Time:          Tue Mar 14 2023 15:25:11 GMT+0300 (East Africa Time)
[debug] [2023-03-14T12:25:11.370Z] ----------------------------------------------------------------------
[debug] 
[debug] [2023-03-14T12:25:11.408Z] Object ".emulators" in "firebase.json" has unknown property: {"additionalProperty":"singleProjectMode"}
[debug] [2023-03-14T12:25:11.410Z] > command requires scopes: ["email","openid","https://www.googleapis.com/auth/cloudplatformprojects.readonly","https://www.googleapis.com/auth/firebase","https://www.googleapis.com/auth/cloud-platform"]
[debug] [2023-03-14T12:25:11.411Z] > authorizing via signed-in user (jjaphes@monitafrica.com)
[debug] [2023-03-14T12:25:11.411Z] [iam] checking project group-saving for permissions ["firebase.projects.get","firebasehosting.sites.update"]
[debug] [2023-03-14T12:25:11.412Z] > refreshing access token with scopes: ["email","https://www.googleapis.com/auth/cloud-platform","https://www.googleapis.com/auth/cloudplatformprojects.readonly","https://www.googleapis.com/auth/firebase","openid"]
[debug] [2023-03-14T12:25:11.412Z] >>> HTTP REQUEST POST https://www.googleapis.com/oauth2/v3/token  
 <request body omitted>
[debug] [2023-03-14T12:27:21.379Z] [iam] error while checking permissions, command may fail: FirebaseError: Authentication Error: Your credentials are no longer valid. Please run firebase login --reauth

For CI servers and headless environments, generate a new token with firebase login:ci
[debug] [2023-03-14T12:27:21.383Z] >>> [apiv2][query] GET https://firebase.googleapis.com/v1beta1/projects/group-saving [none]
[debug] [2023-03-14T12:27:22.553Z] <<< [apiv2][status] GET https://firebase.googleapis.com/v1beta1/projects/group-saving 200
[debug] [2023-03-14T12:27:22.553Z] <<< [apiv2][body] GET https://firebase.googleapis.com/v1beta1/projects/group-saving {"projectId":"group-saving","projectNumber":"444964071176","displayName":"groupsavings","name":"projects/group-saving","resources":{"hostingSite":"group-saving","realtimeDatabaseInstance":"group-saving","storageBucket":"group-saving.appspot.com","locationId":"us-central"},"state":"ACTIVE","etag":"1_31df3e1e-0e42-4f0b-ab40-b59a30912e89"}
[info] 
[info] === Deploying to 'group-saving'...
[info] 
[info] i  deploying hosting 
[debug] [2023-03-14T12:27:22.557Z] > refreshing access token with scopes: ["email","https://www.googleapis.com/auth/cloud-platform","https://www.googleapis.com/auth/cloudplatformprojects.readonly","https://www.googleapis.com/auth/firebase","openid"]
[debug] [2023-03-14T12:27:22.557Z] >>> HTTP REQUEST POST https://www.googleapis.com/oauth2/v3/token  
 <request body omitted>
[debug] [2023-03-14T12:27:23.490Z] <<< HTTP RESPONSE 200 {"cache-control":"no-cache, no-store, max-age=0, must-revalidate","pragma":"no-cache","expires":"Mon, 01 Jan 1990 00:00:00 GMT","date":"Tue, 14 Mar 2023 12:27:23 GMT","content-type":"application/json; charset=utf-8","vary":"X-Origin, Referer, Origin,Accept-Encoding","server":"scaffolding on HTTPServer2","x-xss-protection":"0","x-frame-options":"SAMEORIGIN","x-content-type-options":"nosniff","alt-svc":"h3=\":443\"; ma=2592000,h3-29=\":443\"; ma=2592000","accept-ranges":"none","transfer-encoding":"chunked"}
[debug] [2023-03-14T12:27:23.506Z] >>> HTTP REQUEST POST https://firebasehosting.googleapis.com/v1beta1/sites/group-saving/versions  
 {"config":{"rewrites":[{"glob":"**","path":"/index.html"}],"headers":[{"glob":"*.[0-9a-f][0-9a-f][0-9a-f][0-9a-f][0-9a-f][0-9a-f][0-9a-f][0-9a-f][0-9a-f][0-9a-f][0-9a-f][0-9a-f][0-9a-f][0-9a-f][0-9a-f][0-9a-f][0-9a-f][0-9a-f][0-9a-f][0-9a-f].+(css|js)","headers":{"Cache-Control":"public,max-age=31536000,immutable"}}]},"labels":{"deployment-tool":"cli-firebase"}}
[debug] [2023-03-14T12:27:25.192Z] <<< HTTP RESPONSE 200 {"content-type":"application/json; charset=UTF-8","vary":"X-Origin, Referer, Origin,Accept-Encoding","date":"Tue, 14 Mar 2023 12:27:25 GMT","server":"ESF","cache-control":"private","x-xss-protection":"0","x-frame-options":"SAMEORIGIN","x-content-type-options":"nosniff","alt-svc":"h3=\":443\"; ma=2592000,h3-29=\":443\"; ma=2592000","accept-ranges":"none","transfer-encoding":"chunked"}
[info] i  hosting[group-saving]: beginning deploy... 
[info] i  hosting[group-saving]: found 345 files in dist/kikoba-web 
[debug] [2023-03-14T12:27:28.247Z] > refreshing access token with scopes: []
[debug] [2023-03-14T12:27:28.247Z] >>> HTTP REQUEST POST https://www.googleapis.com/oauth2/v3/token  
 <request body omitted>
[debug] [2023-03-14T12:27:28.258Z] [hosting] hash cache [ZGlzdC9raWtvYmEtd2Vi] stored for 345 files
[debug] [2023-03-14T12:27:28.258Z] [hosting][hash queue][FINAL] {"max":3012,"min":13,"avg":44.90434782608696,"active":0,"complete":345,"success":345,"errored":0,"retried":0,"total":345,"elapsed":3027}
[debug] [2023-03-14T12:29:38.990Z] [populateQueue] Retrying task index 0
[debug] [2023-03-14T12:29:38.991Z] > refreshing access token with scopes: []
[debug] [2023-03-14T12:29:38.991Z] >>> HTTP REQUEST POST https://www.googleapis.com/oauth2/v3/token  
 <request body omitted>
[debug] [2023-03-14T12:30:37.825Z] ----------------------------------------------------------------------
[debug] [2023-03-14T12:30:37.827Z] Command:       /home/joas/.nvm/versions/node/v16.15.1/bin/node /home/joas/Documents/monitafrica/projects/angular/new-kikoba-web/node_modules/.bin/firebase deploy --only hosting:kikoba-web
[debug] [2023-03-14T12:30:37.827Z] CLI Version:   9.23.3
[debug] [2023-03-14T12:30:37.827Z] Platform:      linux
[debug] [2023-03-14T12:30:37.827Z] Node Version:  v16.15.1
[debug] [2023-03-14T12:30:37.827Z] Time:          Tue Mar 14 2023 15:30:37 GMT+0300 (East Africa Time)
[debug] [2023-03-14T12:30:37.828Z] ----------------------------------------------------------------------
[debug] 
[debug] [2023-03-14T12:30:37.862Z] Object ".emulators" in "firebase.json" has unknown property: {"additionalProperty":"singleProjectMode"}
[debug] [2023-03-14T12:30:37.864Z] > command requires scopes: ["email","openid","https://www.googleapis.com/auth/cloudplatformprojects.readonly","https://www.googleapis.com/auth/firebase","https://www.googleapis.com/auth/cloud-platform"]
[debug] [2023-03-14T12:30:37.864Z] > authorizing via signed-in user (jjaphes@monitafrica.com)
[debug] [2023-03-14T12:30:37.864Z] [iam] checking project group-saving for permissions ["firebase.projects.get","firebasehosting.sites.update"]
[debug] [2023-03-14T12:30:37.866Z] > refreshing access token with scopes: ["email","https://www.googleapis.com/auth/cloud-platform","https://www.googleapis.com/auth/cloudplatformprojects.readonly","https://www.googleapis.com/auth/firebase","openid"]
[debug] [2023-03-14T12:30:37.866Z] >>> HTTP REQUEST POST https://www.googleapis.com/oauth2/v3/token  
 <request body omitted>
[debug] [2023-03-14T12:30:39.330Z] <<< HTTP RESPONSE 200 {"expires":"Mon, 01 Jan 1990 00:00:00 GMT","date":"Tue, 14 Mar 2023 12:30:39 GMT","cache-control":"no-cache, no-store, max-age=0, must-revalidate","pragma":"no-cache","content-type":"application/json; charset=utf-8","vary":"X-Origin, Referer, Origin,Accept-Encoding","server":"scaffolding on HTTPServer2","x-xss-protection":"0","x-frame-options":"SAMEORIGIN","x-content-type-options":"nosniff","alt-svc":"h3=\":443\"; ma=2592000,h3-29=\":443\"; ma=2592000","accept-ranges":"none","transfer-encoding":"chunked"}
[debug] [2023-03-14T12:30:39.343Z] >>> HTTP REQUEST POST https://cloudresourcemanager.googleapis.com/v1/projects/group-saving:testIamPermissions  
 {"permissions":["firebase.projects.get","firebasehosting.sites.update"]}
[debug] [2023-03-14T12:30:41.560Z] <<< HTTP RESPONSE 200 {"content-type":"application/json; charset=UTF-8","vary":"X-Origin, Referer, Origin,Accept-Encoding","date":"Tue, 14 Mar 2023 12:30:41 GMT","server":"ESF","cache-control":"private","x-xss-protection":"0","x-frame-options":"SAMEORIGIN","x-content-type-options":"nosniff","server-timing":"gfet4t7; dur=1504","alt-svc":"h3=\":443\"; ma=2592000,h3-29=\":443\"; ma=2592000","accept-ranges":"none","transfer-encoding":"chunked"}
[debug] [2023-03-14T12:30:41.562Z] > refreshing access token with scopes: []
[debug] [2023-03-14T12:30:41.563Z] >>> HTTP REQUEST POST https://www.googleapis.com/oauth2/v3/token  
 <request body omitted>
[debug] [2023-03-14T12:30:42.559Z] <<< HTTP RESPONSE 200 {"date":"Tue, 14 Mar 2023 12:30:42 GMT","expires":"Mon, 01 Jan 1990 00:00:00 GMT","pragma":"no-cache","cache-control":"no-cache, no-store, max-age=0, must-revalidate","content-type":"application/json; charset=utf-8","vary":"X-Origin, Referer, Origin,Accept-Encoding","server":"scaffolding on HTTPServer2","x-xss-protection":"0","x-frame-options":"SAMEORIGIN","x-content-type-options":"nosniff","alt-svc":"h3=\":443\"; ma=2592000,h3-29=\":443\"; ma=2592000","accept-ranges":"none","transfer-encoding":"chunked"}
[debug] [2023-03-14T12:30:42.574Z] >>> [apiv2][query] GET https://firebase.googleapis.com/v1beta1/projects/group-saving [none]
[debug] [2023-03-14T12:30:43.659Z] <<< [apiv2][status] GET https://firebase.googleapis.com/v1beta1/projects/group-saving 200
[debug] [2023-03-14T12:30:43.659Z] <<< [apiv2][body] GET https://firebase.googleapis.com/v1beta1/projects/group-saving {"projectId":"group-saving","projectNumber":"444964071176","displayName":"groupsavings","name":"projects/group-saving","resources":{"hostingSite":"group-saving","realtimeDatabaseInstance":"group-saving","storageBucket":"group-saving.appspot.com","locationId":"us-central"},"state":"ACTIVE","etag":"1_31df3e1e-0e42-4f0b-ab40-b59a30912e89"}
[info] 
[info] === Deploying to 'group-saving'...
[info] 
[info] i  deploying hosting 
[debug] [2023-03-14T12:30:43.666Z] > refreshing access token with scopes: ["email","https://www.googleapis.com/auth/cloud-platform","https://www.googleapis.com/auth/cloudplatformprojects.readonly","https://www.googleapis.com/auth/firebase","openid"]
[debug] [2023-03-14T12:30:43.666Z] >>> HTTP REQUEST POST https://www.googleapis.com/oauth2/v3/token  
 <request body omitted>
[debug] [2023-03-14T12:30:44.575Z] <<< HTTP RESPONSE 200 {"pragma":"no-cache","expires":"Mon, 01 Jan 1990 00:00:00 GMT","cache-control":"no-cache, no-store, max-age=0, must-revalidate","date":"Tue, 14 Mar 2023 12:30:44 GMT","content-type":"application/json; charset=utf-8","vary":"X-Origin, Referer, Origin,Accept-Encoding","server":"scaffolding on HTTPServer2","x-xss-protection":"0","x-frame-options":"SAMEORIGIN","x-content-type-options":"nosniff","alt-svc":"h3=\":443\"; ma=2592000,h3-29=\":443\"; ma=2592000","accept-ranges":"none","transfer-encoding":"chunked"}
[debug] [2023-03-14T12:30:44.586Z] >>> HTTP REQUEST POST https://firebasehosting.googleapis.com/v1beta1/sites/group-saving/versions  
 {"config":{"rewrites":[{"glob":"**","path":"/index.html"}],"headers":[{"glob":"*.[0-9a-f][0-9a-f][0-9a-f][0-9a-f][0-9a-f][0-9a-f][0-9a-f][0-9a-f][0-9a-f][0-9a-f][0-9a-f][0-9a-f][0-9a-f][0-9a-f][0-9a-f][0-9a-f][0-9a-f][0-9a-f][0-9a-f][0-9a-f].+(css|js)","headers":{"Cache-Control":"public,max-age=31536000,immutable"}}]},"labels":{"deployment-tool":"cli-firebase"}}
[debug] [2023-03-14T12:32:56.282Z] Error: connect ETIMEDOUT 172.217.170.202:443
    at TCPConnectWrap.afterConnect [as oncomplete] (node:net:1187:16)
[error] 
[error] Error: Server Error. connect ETIMEDOUT 172.217.170.202:443
